C:\Program Files (x86)\Microsoft Visual Studio\2017\Community\Common7\IDE\VC\VCTargets\Microsoft.CppBuild.targets(387,5): warning MSB8028: The intermediate directory (Debug\) contains files shared from another project (fbx_convert_prog.vcxproj).  This can lead to incorrect clean and rebuild behavior.
  main.cpp
c:\users\gosus\desktop\school\_csc474\_programs\_program4\fbx_convert_prog_labcode\fbxconverter\fbx_convert_prog\bone.h(47): warning C4018: '<': signed/unsigned mismatch
c:\users\gosus\desktop\school\_csc474\_programs\_program4\fbx_convert_prog_labcode\fbxconverter\fbx_convert_prog\bone.h(50): warning C4018: '>': signed/unsigned mismatch
c:\users\gosus\desktop\school\_csc474\_programs\_program4\fbx_convert_prog_labcode\fbxconverter\fbx_convert_prog\bone.h(68): warning C4018: '<': signed/unsigned mismatch
c:\users\gosus\desktop\school\_csc474\_programs\_program4\fbx_convert_prog_labcode\fbxconverter\fbx_convert_prog\bone.h(84): warning C4018: '<': signed/unsigned mismatch
c:\users\gosus\desktop\school\_csc474\_programs\_program4\fbx_convert_prog_labcode\fbxconverter\fbx_convert_prog\bone.h(90): warning C4018: '<': signed/unsigned mismatch
c:\users\gosus\desktop\school\_csc474\_programs\_program4\fbx_convert_prog_labcode\fbxconverter\fbx_convert_prog\bone.h(97): warning C4018: '<': signed/unsigned mismatch
c:\users\gosus\desktop\school\_csc474\_programs\_program4\fbx_convert_prog_labcode\fbxconverter\fbx_convert_prog\main.cpp(33): warning C4305: '+=': truncation from 'double' to 'float'
c:\users\gosus\desktop\school\_csc474\_programs\_program4\fbx_convert_prog_labcode\fbxconverter\fbx_convert_prog\main.cpp(53): warning C4244: 'argument': conversion from 'double' to 'float', possible loss of data
c:\users\gosus\desktop\school\_csc474\_programs\_program4\fbx_convert_prog_labcode\fbxconverter\fbx_convert_prog\main.cpp(54): warning C4244: 'argument': conversion from 'double' to 'float', possible loss of data
c:\users\gosus\desktop\school\_csc474\_programs\_program4\fbx_convert_prog_labcode\fbxconverter\fbx_convert_prog\main.cpp(55): warning C4244: 'argument': conversion from 'double' to 'float', possible loss of data
c:\users\gosus\desktop\school\_csc474\_programs\_program4\fbx_convert_prog_labcode\fbxconverter\fbx_convert_prog\main.cpp(124): warning C4244: '=': conversion from 'double' to 'float', possible loss of data
c:\users\gosus\desktop\school\_csc474\_programs\_program4\fbx_convert_prog_labcode\fbxconverter\fbx_convert_prog\main.cpp(128): warning C4244: '=': conversion from 'double' to 'float', possible loss of data
c:\users\gosus\desktop\school\_csc474\_programs\_program4\fbx_convert_prog_labcode\fbxconverter\fbx_convert_prog\main.cpp(132): warning C4244: '=': conversion from 'double' to 'float', possible loss of data
c:\users\gosus\desktop\school\_csc474\_programs\_program4\fbx_convert_prog_labcode\fbxconverter\fbx_convert_prog\main.cpp(134): warning C4244: '=': conversion from 'double' to 'float', possible loss of data
c:\users\gosus\desktop\school\_csc474\_programs\_program4\fbx_convert_prog_labcode\fbxconverter\fbx_convert_prog\main.cpp(325): warning C4996: 'strcpy': This function or variable may be unsafe. Consider using strcpy_s instead. To disable deprecation, use _CRT_SECURE_NO_WARNINGS. See online help for details.
  c:\program files (x86)\windows kits\10\include\10.0.16299.0\ucrt\string.h(132): note: see declaration of 'strcpy'
c:\users\gosus\desktop\school\_csc474\_programs\_program4\fbx_convert_prog_labcode\fbxconverter\fbx_convert_prog\main.cpp(483): warning C4305: 'initializing': truncation from 'double' to 'float'
  fbx_convert_prog.vcxproj -> C:\Users\gosus\Desktop\School\_CSC474\_programs\_program4\fbx_convert_prog_labcode\FBXconverter\Debug\convertFromFBX.exe
